{"/Users/a1mingyu/Desktop/jesttest/src/components/Button.tsx": {"path":"/Users/a1mingyu/Desktop/jesttest/src/components/Button.tsx","statementMap":{"0":{"start":{"line":10,"column":16},"end":{"line":10,"column":23}},"1":{"start":{"line":17,"column":4},"end":{"line":17,"column":null}},"2":{"start":{"line":19,"column":4},"end":{"line":21,"column":null}}},"fnMap":{"0":{"name":"Button","decl":{"start":{"line":10,"column":16},"end":{"line":10,"column":23}},"loc":{"start":{"line":15,"column":14},"end":{"line":34,"column":null}}}},"branchMap":{"0":{"loc":{"start":{"line":13,"column":2},"end":{"line":13,"column":18}},"type":"default-arg","locations":[{"start":{"line":13,"column":13},"end":{"line":13,"column":18}}]},"1":{"loc":{"start":{"line":14,"column":2},"end":{"line":14,"column":21}},"type":"default-arg","locations":[{"start":{"line":14,"column":12},"end":{"line":14,"column":21}}]},"2":{"loc":{"start":{"line":19,"column":4},"end":{"line":21,"column":null}},"type":"cond-expr","locations":[{"start":{"line":20,"column":8},"end":{"line":20,"column":null}},{"start":{"line":21,"column":8},"end":{"line":21,"column":null}}]}},"s":{"0":30,"1":30,"2":30},"f":{"0":30},"b":{"0":[29],"1":[12],"2":[12,18]}}
,"/Users/a1mingyu/Desktop/jesttest/src/components/Counter.tsx": {"path":"/Users/a1mingyu/Desktop/jesttest/src/components/Counter.tsx","statementMap":{"0":{"start":{"line":11,"column":16},"end":{"line":11,"column":24}},"1":{"start":{"line":3,"column":25},"end":{"line":3,"column":null}},"2":{"start":{"line":4,"column":23},"end":{"line":4,"column":null}},"3":{"start":{"line":12,"column":28},"end":{"line":12,"column":null}},"4":{"start":{"line":21,"column":25},"end":{"line":21,"column":null}},"5":{"start":{"line":21,"column":41},"end":{"line":21,"column":null}},"6":{"start":{"line":25,"column":25},"end":{"line":25,"column":null}},"7":{"start":{"line":25,"column":41},"end":{"line":25,"column":null}},"8":{"start":{"line":30,"column":25},"end":{"line":30,"column":null}}},"fnMap":{"0":{"name":"Counter","decl":{"start":{"line":11,"column":16},"end":{"line":11,"column":24}},"loc":{"start":{"line":11,"column":68},"end":{"line":35,"column":null}}},"1":{"name":"(anonymous_2)","decl":{"start":{"line":21,"column":19},"end":{"line":21,"column":25}},"loc":{"start":{"line":21,"column":25},"end":{"line":21,"column":null}}},"2":{"name":"(anonymous_3)","decl":{"start":{"line":21,"column":34},"end":{"line":21,"column":35}},"loc":{"start":{"line":21,"column":41},"end":{"line":21,"column":null}}},"3":{"name":"(anonymous_4)","decl":{"start":{"line":25,"column":19},"end":{"line":25,"column":25}},"loc":{"start":{"line":25,"column":25},"end":{"line":25,"column":null}}},"4":{"name":"(anonymous_5)","decl":{"start":{"line":25,"column":34},"end":{"line":25,"column":35}},"loc":{"start":{"line":25,"column":41},"end":{"line":25,"column":null}}},"5":{"name":"(anonymous_6)","decl":{"start":{"line":30,"column":19},"end":{"line":30,"column":25}},"loc":{"start":{"line":30,"column":25},"end":{"line":30,"column":null}}}},"branchMap":{"0":{"loc":{"start":{"line":11,"column":26},"end":{"line":11,"column":42}},"type":"default-arg","locations":[{"start":{"line":11,"column":41},"end":{"line":11,"column":42}}]},"1":{"loc":{"start":{"line":11,"column":44},"end":{"line":11,"column":52}},"type":"default-arg","locations":[{"start":{"line":11,"column":51},"end":{"line":11,"column":52}}]}},"s":{"0":4,"1":1,"2":1,"3":9,"4":1,"5":1,"6":3,"7":3,"8":1},"f":{"0":9,"1":1,"2":1,"3":3,"4":3,"5":1},"b":{"0":[0],"1":[7]}}
,"/Users/a1mingyu/Desktop/jesttest/src/components/LoginForm.tsx": {"path":"/Users/a1mingyu/Desktop/jesttest/src/components/LoginForm.tsx","statementMap":{"0":{"start":{"line":10,"column":16},"end":{"line":10,"column":26}},"1":{"start":{"line":3,"column":36},"end":{"line":3,"column":null}},"2":{"start":{"line":4,"column":46},"end":{"line":4,"column":null}},"3":{"start":{"line":11,"column":28},"end":{"line":11,"column":null}},"4":{"start":{"line":12,"column":34},"end":{"line":12,"column":null}},"5":{"start":{"line":13,"column":30},"end":{"line":14,"column":null}},"6":{"start":{"line":18,"column":4},"end":{"line":18,"column":null}},"7":{"start":{"line":19,"column":37},"end":{"line":19,"column":null}},"8":{"start":{"line":21,"column":4},"end":{"line":23,"column":null}},"9":{"start":{"line":22,"column":6},"end":{"line":22,"column":null}},"10":{"start":{"line":24,"column":4},"end":{"line":26,"column":null}},"11":{"start":{"line":25,"column":6},"end":{"line":25,"column":null}},"12":{"start":{"line":28,"column":4},"end":{"line":31,"column":null}},"13":{"start":{"line":29,"column":6},"end":{"line":29,"column":null}},"14":{"start":{"line":30,"column":6},"end":{"line":30,"column":null}},"15":{"start":{"line":33,"column":4},"end":{"line":33,"column":null}},"16":{"start":{"line":34,"column":4},"end":{"line":34,"column":null}},"17":{"start":{"line":45,"column":27},"end":{"line":45,"column":null}},"18":{"start":{"line":60,"column":27},"end":{"line":60,"column":null}}},"fnMap":{"0":{"name":"LoginForm","decl":{"start":{"line":10,"column":16},"end":{"line":10,"column":26}},"loc":{"start":{"line":10,"column":54},"end":{"line":72,"column":null}}},"1":{"name":"handleSubmit","decl":{"start":{"line":17,"column":11},"end":{"line":17,"column":24}},"loc":{"start":{"line":17,"column":36},"end":{"line":35,"column":null}}},"2":{"name":"(anonymous_3)","decl":{"start":{"line":45,"column":20},"end":{"line":45,"column":21}},"loc":{"start":{"line":45,"column":27},"end":{"line":45,"column":null}}},"3":{"name":"(anonymous_4)","decl":{"start":{"line":60,"column":20},"end":{"line":60,"column":21}},"loc":{"start":{"line":60,"column":27},"end":{"line":60,"column":null}}}},"branchMap":{"0":{"loc":{"start":{"line":21,"column":4},"end":{"line":23,"column":null}},"type":"if","locations":[{"start":{"line":21,"column":4},"end":{"line":23,"column":null}},{"start":{},"end":{}}]},"1":{"loc":{"start":{"line":24,"column":4},"end":{"line":26,"column":null}},"type":"if","locations":[{"start":{"line":24,"column":4},"end":{"line":26,"column":null}},{"start":{},"end":{}}]},"2":{"loc":{"start":{"line":28,"column":4},"end":{"line":31,"column":null}},"type":"if","locations":[{"start":{"line":28,"column":4},"end":{"line":31,"column":null}},{"start":{},"end":{}}]},"3":{"loc":{"start":{"line":46,"column":28},"end":{"line":46,"column":null}},"type":"cond-expr","locations":[{"start":{"line":46,"column":43},"end":{"line":46,"column":59}},{"start":{"line":46,"column":59},"end":{"line":46,"column":null}}]},"4":{"loc":{"start":{"line":48,"column":9},"end":{"line":48,"column":21}},"type":"binary-expr","locations":[{"start":{"line":48,"column":9},"end":{"line":48,"column":21}}]},"5":{"loc":{"start":{"line":61,"column":28},"end":{"line":61,"column":null}},"type":"cond-expr","locations":[{"start":{"line":61,"column":46},"end":{"line":61,"column":65}},{"start":{"line":61,"column":65},"end":{"line":61,"column":null}}]},"6":{"loc":{"start":{"line":63,"column":9},"end":{"line":63,"column":24}},"type":"binary-expr","locations":[{"start":{"line":63,"column":9},"end":{"line":63,"column":24}}]}},"s":{"0":2,"1":1,"2":1,"3":49,"4":49,"5":49,"6":2,"7":2,"8":2,"9":1,"10":2,"11":1,"12":2,"13":1,"14":1,"15":1,"16":1,"17":29,"18":16},"f":{"0":49,"1":2,"2":29,"3":16},"b":{"0":[1,1],"1":[1,1],"2":[1,1],"3":[1,48],"4":[49],"5":[1,48],"6":[49]}}
,"/Users/a1mingyu/Desktop/jesttest/src/components/UserCard.tsx": {"path":"/Users/a1mingyu/Desktop/jesttest/src/components/UserCard.tsx","statementMap":{"0":{"start":{"line":7,"column":16},"end":{"line":7,"column":25}}},"fnMap":{"0":{"name":"UserCard","decl":{"start":{"line":7,"column":16},"end":{"line":7,"column":25}},"loc":{"start":{"line":7,"column":72},"end":{"line":17,"column":null}}}},"branchMap":{"0":{"loc":{"start":{"line":7,"column":40},"end":{"line":7,"column":55}},"type":"default-arg","locations":[{"start":{"line":7,"column":47},"end":{"line":7,"column":55}}]}},"s":{"0":2},"f":{"0":2},"b":{"0":[1]}}
,"/Users/a1mingyu/Desktop/jesttest/src/hooks/useCounter.ts": {"path":"/Users/a1mingyu/Desktop/jesttest/src/hooks/useCounter.ts","statementMap":{"0":{"start":{"line":5,"column":16},"end":{"line":5,"column":27}},"1":{"start":{"line":3,"column":38},"end":{"line":3,"column":null}},"2":{"start":{"line":6,"column":28},"end":{"line":6,"column":null}},"3":{"start":{"line":8,"column":20},"end":{"line":8,"column":null}},"4":{"start":{"line":8,"column":38},"end":{"line":8,"column":62}},"5":{"start":{"line":8,"column":54},"end":{"line":8,"column":62}},"6":{"start":{"line":9,"column":20},"end":{"line":9,"column":null}},"7":{"start":{"line":9,"column":38},"end":{"line":9,"column":62}},"8":{"start":{"line":9,"column":54},"end":{"line":9,"column":62}},"9":{"start":{"line":10,"column":16},"end":{"line":10,"column":null}},"10":{"start":{"line":10,"column":34},"end":{"line":10,"column":58}},"11":{"start":{"line":12,"column":2},"end":{"line":12,"column":null}}},"fnMap":{"0":{"name":"useCounter","decl":{"start":{"line":5,"column":16},"end":{"line":5,"column":27}},"loc":{"start":{"line":5,"column":43},"end":{"line":13,"column":null}}},"1":{"name":"(anonymous_2)","decl":{"start":{"line":8,"column":32},"end":{"line":8,"column":38}},"loc":{"start":{"line":8,"column":38},"end":{"line":8,"column":62}}},"2":{"name":"(anonymous_3)","decl":{"start":{"line":8,"column":47},"end":{"line":8,"column":48}},"loc":{"start":{"line":8,"column":54},"end":{"line":8,"column":62}}},"3":{"name":"(anonymous_4)","decl":{"start":{"line":9,"column":32},"end":{"line":9,"column":38}},"loc":{"start":{"line":9,"column":38},"end":{"line":9,"column":62}}},"4":{"name":"(anonymous_5)","decl":{"start":{"line":9,"column":47},"end":{"line":9,"column":48}},"loc":{"start":{"line":9,"column":54},"end":{"line":9,"column":62}}},"5":{"name":"(anonymous_6)","decl":{"start":{"line":10,"column":28},"end":{"line":10,"column":34}},"loc":{"start":{"line":10,"column":34},"end":{"line":10,"column":58}}}},"branchMap":{"0":{"loc":{"start":{"line":5,"column":27},"end":{"line":5,"column":43}},"type":"default-arg","locations":[{"start":{"line":5,"column":42},"end":{"line":5,"column":43}}]}},"s":{"0":12,"1":1,"2":12,"3":12,"4":5,"5":5,"6":12,"7":1,"8":1,"9":12,"10":2,"11":12},"f":{"0":12,"1":5,"2":5,"3":1,"4":1,"5":2},"b":{"0":[0]}}
,"/Users/a1mingyu/Desktop/jesttest/src/lib/api.ts": {"path":"/Users/a1mingyu/Desktop/jesttest/src/lib/api.ts","statementMap":{"0":{"start":{"line":26,"column":16},"end":{"line":26,"column":null}},"1":{"start":{"line":10,"column":22},"end":{"line":10,"column":32}},"2":{"start":{"line":7,"column":17},"end":{"line":7,"column":null}},"3":{"start":{"line":11,"column":19},"end":{"line":11,"column":null}},"4":{"start":{"line":13,"column":2},"end":{"line":15,"column":null}},"5":{"start":{"line":14,"column":4},"end":{"line":14,"column":null}},"6":{"start":{"line":17,"column":15},"end":{"line":17,"column":null}},"7":{"start":{"line":18,"column":2},"end":{"line":22,"column":null}},"8":{"start":{"line":30,"column":2},"end":{"line":32,"column":null}},"9":{"start":{"line":31,"column":4},"end":{"line":31,"column":null}},"10":{"start":{"line":33,"column":2},"end":{"line":33,"column":null}}},"fnMap":{"0":{"name":"fetchUser","decl":{"start":{"line":10,"column":22},"end":{"line":10,"column":32}},"loc":{"start":{"line":10,"column":46},"end":{"line":23,"column":null}}},"1":{"name":"calculateDiscountedPrice","decl":{"start":{"line":26,"column":16},"end":{"line":26,"column":null}},"loc":{"start":{"line":28,"column":22},"end":{"line":34,"column":null}}}},"branchMap":{"0":{"loc":{"start":{"line":13,"column":2},"end":{"line":15,"column":null}},"type":"if","locations":[{"start":{"line":13,"column":2},"end":{"line":15,"column":null}},{"start":{},"end":{}}]},"1":{"loc":{"start":{"line":30,"column":2},"end":{"line":32,"column":null}},"type":"if","locations":[{"start":{"line":30,"column":2},"end":{"line":32,"column":null}},{"start":{},"end":{}}]},"2":{"loc":{"start":{"line":30,"column":6},"end":{"line":30,"column":46}},"type":"binary-expr","locations":[{"start":{"line":30,"column":6},"end":{"line":30,"column":26}},{"start":{"line":30,"column":26},"end":{"line":30,"column":46}}]}},"s":{"0":3,"1":3,"2":2,"3":3,"4":2,"5":1,"6":1,"7":1,"8":3,"9":2,"10":1},"f":{"0":3,"1":3},"b":{"0":[1,1],"1":[2,1],"2":[3,2]}}
,"/Users/a1mingyu/Desktop/jesttest/src/lib/cart.ts": {"path":"/Users/a1mingyu/Desktop/jesttest/src/lib/cart.ts","statementMap":{"0":{"start":{"line":8,"column":13},"end":{"line":8,"column":null}},"1":{"start":{"line":12,"column":21},"end":{"line":12,"column":null}},"2":{"start":{"line":12,"column":44},"end":{"line":12,"column":60}},"3":{"start":{"line":13,"column":4},"end":{"line":17,"column":null}},"4":{"start":{"line":14,"column":6},"end":{"line":14,"column":null}},"5":{"start":{"line":16,"column":6},"end":{"line":16,"column":null}},"6":{"start":{"line":21,"column":4},"end":{"line":21,"column":null}},"7":{"start":{"line":21,"column":45},"end":{"line":21,"column":null}},"8":{"start":{"line":25,"column":4},"end":{"line":27,"column":null}},"9":{"start":{"line":26,"column":23},"end":{"line":26,"column":57}},"10":{"start":{"line":32,"column":4},"end":{"line":32,"column":null}},"11":{"start":{"line":32,"column":46},"end":{"line":32,"column":67}},"12":{"start":{"line":36,"column":4},"end":{"line":36,"column":null}},"13":{"start":{"line":9,"column":10},"end":{"line":9,"column":null}}},"fnMap":{"0":{"name":"(anonymous_1)","decl":{"start":{"line":11,"column":2},"end":{"line":11,"column":10}},"loc":{"start":{"line":11,"column":32},"end":{"line":18,"column":null}}},"1":{"name":"(anonymous_2)","decl":{"start":{"line":12,"column":37},"end":{"line":12,"column":38}},"loc":{"start":{"line":12,"column":44},"end":{"line":12,"column":60}}},"2":{"name":"(anonymous_3)","decl":{"start":{"line":20,"column":2},"end":{"line":20,"column":13}},"loc":{"start":{"line":20,"column":31},"end":{"line":22,"column":null}}},"3":{"name":"(anonymous_4)","decl":{"start":{"line":21,"column":35},"end":{"line":21,"column":36}},"loc":{"start":{"line":21,"column":45},"end":{"line":21,"column":null}}},"4":{"name":"(anonymous_5)","decl":{"start":{"line":24,"column":2},"end":{"line":24,"column":21}},"loc":{"start":{"line":24,"column":21},"end":{"line":29,"column":null}}},"5":{"name":"(anonymous_6)","decl":{"start":{"line":26,"column":6},"end":{"line":26,"column":7}},"loc":{"start":{"line":26,"column":23},"end":{"line":26,"column":57}}},"6":{"name":"(anonymous_7)","decl":{"start":{"line":31,"column":2},"end":{"line":31,"column":25}},"loc":{"start":{"line":31,"column":25},"end":{"line":33,"column":null}}},"7":{"name":"(anonymous_8)","decl":{"start":{"line":32,"column":29},"end":{"line":32,"column":30}},"loc":{"start":{"line":32,"column":46},"end":{"line":32,"column":67}}},"8":{"name":"(anonymous_9)","decl":{"start":{"line":35,"column":2},"end":{"line":35,"column":16}},"loc":{"start":{"line":35,"column":16},"end":{"line":37,"column":null}}}},"branchMap":{"0":{"loc":{"start":{"line":13,"column":4},"end":{"line":17,"column":null}},"type":"if","locations":[{"start":{"line":13,"column":4},"end":{"line":17,"column":null}},{"start":{"line":15,"column":11},"end":{"line":17,"column":null}}]}},"s":{"0":5,"1":6,"2":2,"3":6,"4":1,"5":5,"6":1,"7":2,"8":4,"9":3,"10":1,"11":1,"12":4,"13":5},"f":{"0":6,"1":2,"2":1,"3":2,"4":4,"5":3,"6":1,"7":1,"8":4},"b":{"0":[1,5]}}
,"/Users/a1mingyu/Desktop/jesttest/src/lib/formatters.ts": {"path":"/Users/a1mingyu/Desktop/jesttest/src/lib/formatters.ts","statementMap":{"0":{"start":{"line":7,"column":16},"end":{"line":7,"column":27}},"1":{"start":{"line":2,"column":16},"end":{"line":2,"column":28}},"2":{"start":{"line":16,"column":16},"end":{"line":16,"column":25}},"3":{"start":{"line":3,"column":2},"end":{"line":3,"column":null}},"4":{"start":{"line":8,"column":15},"end":{"line":8,"column":null}},"5":{"start":{"line":9,"column":15},"end":{"line":9,"column":null}},"6":{"start":{"line":10,"column":16},"end":{"line":10,"column":null}},"7":{"start":{"line":11,"column":14},"end":{"line":11,"column":null}},"8":{"start":{"line":12,"column":2},"end":{"line":12,"column":null}},"9":{"start":{"line":17,"column":2},"end":{"line":17,"column":null}},"10":{"start":{"line":17,"column":32},"end":{"line":17,"column":null}},"11":{"start":{"line":18,"column":2},"end":{"line":18,"column":null}}},"fnMap":{"0":{"name":"formatPrice","decl":{"start":{"line":2,"column":16},"end":{"line":2,"column":28}},"loc":{"start":{"line":2,"column":42},"end":{"line":4,"column":null}}},"1":{"name":"formatDate","decl":{"start":{"line":7,"column":16},"end":{"line":7,"column":27}},"loc":{"start":{"line":7,"column":44},"end":{"line":13,"column":null}}},"2":{"name":"truncate","decl":{"start":{"line":16,"column":16},"end":{"line":16,"column":25}},"loc":{"start":{"line":16,"column":56},"end":{"line":19,"column":null}}}},"branchMap":{"0":{"loc":{"start":{"line":17,"column":2},"end":{"line":17,"column":null}},"type":"if","locations":[{"start":{"line":17,"column":2},"end":{"line":17,"column":null}},{"start":{},"end":{}}]}},"s":{"0":1,"1":1,"2":1,"3":1,"4":1,"5":1,"6":1,"7":1,"8":1,"9":1,"10":0,"11":1},"f":{"0":1,"1":1,"2":1},"b":{"0":[0,1]}}
,"/Users/a1mingyu/Desktop/jesttest/src/lib/math.ts": {"path":"/Users/a1mingyu/Desktop/jesttest/src/lib/math.ts","statementMap":{"0":{"start":{"line":2,"column":16},"end":{"line":2,"column":20}},"1":{"start":{"line":20,"column":16},"end":{"line":20,"column":23}},"2":{"start":{"line":12,"column":16},"end":{"line":12,"column":25}},"3":{"start":{"line":7,"column":16},"end":{"line":7,"column":25}},"4":{"start":{"line":28,"column":16},"end":{"line":28,"column":20}},"5":{"start":{"line":3,"column":2},"end":{"line":3,"column":null}},"6":{"start":{"line":8,"column":2},"end":{"line":8,"column":null}},"7":{"start":{"line":13,"column":2},"end":{"line":13,"column":null}},"8":{"start":{"line":21,"column":2},"end":{"line":23,"column":null}},"9":{"start":{"line":22,"column":4},"end":{"line":22,"column":null}},"10":{"start":{"line":24,"column":2},"end":{"line":24,"column":null}},"11":{"start":{"line":29,"column":2},"end":{"line":29,"column":null}},"12":{"start":{"line":29,"column":36},"end":{"line":29,"column":45}}},"fnMap":{"0":{"name":"add","decl":{"start":{"line":2,"column":16},"end":{"line":2,"column":20}},"loc":{"start":{"line":2,"column":40},"end":{"line":4,"column":null}}},"1":{"name":"subtract","decl":{"start":{"line":7,"column":16},"end":{"line":7,"column":25}},"loc":{"start":{"line":7,"column":45},"end":{"line":9,"column":null}}},"2":{"name":"multiply","decl":{"start":{"line":12,"column":16},"end":{"line":12,"column":25}},"loc":{"start":{"line":12,"column":45},"end":{"line":14,"column":null}}},"3":{"name":"divide","decl":{"start":{"line":20,"column":16},"end":{"line":20,"column":23}},"loc":{"start":{"line":20,"column":43},"end":{"line":25,"column":null}}},"4":{"name":"sum","decl":{"start":{"line":28,"column":16},"end":{"line":28,"column":20}},"loc":{"start":{"line":28,"column":37},"end":{"line":30,"column":null}}},"5":{"name":"(anonymous_11)","decl":{"start":{"line":29,"column":24},"end":{"line":29,"column":25}},"loc":{"start":{"line":29,"column":36},"end":{"line":29,"column":45}}}},"branchMap":{"0":{"loc":{"start":{"line":21,"column":2},"end":{"line":23,"column":null}},"type":"if","locations":[{"start":{"line":21,"column":2},"end":{"line":23,"column":null}},{"start":{},"end":{}}]}},"s":{"0":2,"1":2,"2":1,"3":1,"4":2,"5":2,"6":1,"7":1,"8":2,"9":1,"10":1,"11":2,"12":4},"f":{"0":2,"1":1,"2":1,"3":2,"4":2,"5":4},"b":{"0":[1,1]}}
,"/Users/a1mingyu/Desktop/jesttest/src/lib/payment.ts": {"path":"/Users/a1mingyu/Desktop/jesttest/src/lib/payment.ts","statementMap":{"0":{"start":{"line":12,"column":22},"end":{"line":12,"column":37}},"1":{"start":{"line":13,"column":19},"end":{"line":16,"column":null}},"2":{"start":{"line":18,"column":2},"end":{"line":20,"column":null}},"3":{"start":{"line":19,"column":4},"end":{"line":19,"column":null}},"4":{"start":{"line":22,"column":15},"end":{"line":22,"column":null}},"5":{"start":{"line":23,"column":2},"end":{"line":23,"column":null}}},"fnMap":{"0":{"name":"processPayment","decl":{"start":{"line":12,"column":22},"end":{"line":12,"column":37}},"loc":{"start":{"line":12,"column":51},"end":{"line":24,"column":null}}}},"branchMap":{"0":{"loc":{"start":{"line":18,"column":2},"end":{"line":20,"column":null}},"type":"if","locations":[{"start":{"line":18,"column":2},"end":{"line":20,"column":null}},{"start":{},"end":{}}]}},"s":{"0":0,"1":0,"2":0,"3":0,"4":0,"5":0},"f":{"0":0},"b":{"0":[0,0]}}
,"/Users/a1mingyu/Desktop/jesttest/src/lib/validators.ts": {"path":"/Users/a1mingyu/Desktop/jesttest/src/lib/validators.ts","statementMap":{"0":{"start":{"line":20,"column":16},"end":{"line":20,"column":36}},"1":{"start":{"line":2,"column":16},"end":{"line":2,"column":29}},"2":{"start":{"line":12,"column":16},"end":{"line":12,"column":32}},"3":{"start":{"line":3,"column":21},"end":{"line":3,"column":null}},"4":{"start":{"line":4,"column":2},"end":{"line":4,"column":null}},"5":{"start":{"line":13,"column":2},"end":{"line":13,"column":null}},"6":{"start":{"line":13,"column":27},"end":{"line":13,"column":null}},"7":{"start":{"line":14,"column":20},"end":{"line":14,"column":null}},"8":{"start":{"line":15,"column":20},"end":{"line":15,"column":null}},"9":{"start":{"line":16,"column":2},"end":{"line":16,"column":null}},"10":{"start":{"line":21,"column":2},"end":{"line":21,"column":null}}},"fnMap":{"0":{"name":"isValidEmail","decl":{"start":{"line":2,"column":16},"end":{"line":2,"column":29}},"loc":{"start":{"line":2,"column":42},"end":{"line":5,"column":null}}},"1":{"name":"isValidPassword","decl":{"start":{"line":12,"column":16},"end":{"line":12,"column":32}},"loc":{"start":{"line":12,"column":48},"end":{"line":17,"column":null}}},"2":{"name":"isValidDiscountRate","decl":{"start":{"line":20,"column":16},"end":{"line":20,"column":36}},"loc":{"start":{"line":20,"column":48},"end":{"line":22,"column":null}}}},"branchMap":{"0":{"loc":{"start":{"line":13,"column":2},"end":{"line":13,"column":null}},"type":"if","locations":[{"start":{"line":13,"column":2},"end":{"line":13,"column":null}},{"start":{},"end":{}}]},"1":{"loc":{"start":{"line":16,"column":9},"end":{"line":16,"column":null}},"type":"binary-expr","locations":[{"start":{"line":16,"column":9},"end":{"line":16,"column":22}},{"start":{"line":16,"column":22},"end":{"line":16,"column":null}}]},"2":{"loc":{"start":{"line":21,"column":9},"end":{"line":21,"column":null}},"type":"binary-expr","locations":[{"start":{"line":21,"column":9},"end":{"line":21,"column":22}},{"start":{"line":21,"column":22},"end":{"line":21,"column":null}}]}},"s":{"0":3,"1":7,"2":5,"3":7,"4":7,"5":5,"6":2,"7":3,"8":3,"9":3,"10":3},"f":{"0":7,"1":5,"2":3},"b":{"0":[2,3],"1":[3,3],"2":[3,2]}}
}
