TN:
SF:src/components/Button.tsx
FN:10,Button
FNF:1
FNH:1
FNDA:30,Button
DA:10,30
DA:17,30
DA:19,30
LF:3
LH:3
BRDA:13,0,0,29
BRDA:14,1,0,12
BRDA:19,2,0,12
BRDA:19,2,1,18
BRF:4
BRH:4
end_of_record
TN:
SF:src/components/Counter.tsx
FN:11,Counter
FN:21,(anonymous_2)
FN:21,(anonymous_3)
FN:25,(anonymous_4)
FN:25,(anonymous_5)
FN:30,(anonymous_6)
FNF:6
FNH:6
FNDA:9,Counter
FNDA:1,(anonymous_2)
FNDA:1,(anonymous_3)
FNDA:3,(anonymous_4)
FNDA:3,(anonymous_5)
FNDA:1,(anonymous_6)
DA:3,1
DA:4,1
DA:11,4
DA:12,9
DA:21,1
DA:25,3
DA:30,1
LF:7
LH:7
BRDA:11,0,0,0
BRDA:11,1,0,7
BRF:2
BRH:1
end_of_record
TN:
SF:src/components/LoginForm.tsx
FN:10,LoginForm
FN:17,handleSubmit
FN:45,(anonymous_3)
FN:60,(anonymous_4)
FNF:4
FNH:4
FNDA:49,LoginForm
FNDA:2,handleSubmit
FNDA:29,(anonymous_3)
FNDA:16,(anonymous_4)
DA:3,1
DA:4,1
DA:10,2
DA:11,49
DA:12,49
DA:13,49
DA:18,2
DA:19,2
DA:21,2
DA:22,1
DA:24,2
DA:25,1
DA:28,2
DA:29,1
DA:30,1
DA:33,1
DA:34,1
DA:45,29
DA:60,16
LF:19
LH:19
BRDA:21,0,0,1
BRDA:21,0,1,1
BRDA:24,1,0,1
BRDA:24,1,1,1
BRDA:28,2,0,1
BRDA:28,2,1,1
BRDA:46,3,0,1
BRDA:46,3,1,48
BRDA:48,4,0,49
BRDA:61,5,0,1
BRDA:61,5,1,48
BRDA:63,6,0,49
BRF:12
BRH:12
end_of_record
TN:
SF:src/components/UserCard.tsx
FN:7,UserCard
FNF:1
FNH:1
FNDA:2,UserCard
DA:7,2
LF:1
LH:1
BRDA:7,0,0,1
BRF:1
BRH:1
end_of_record
TN:
SF:src/hooks/useCounter.ts
FN:5,useCounter
FN:8,(anonymous_2)
FN:8,(anonymous_3)
FN:9,(anonymous_4)
FN:9,(anonymous_5)
FN:10,(anonymous_6)
FNF:6
FNH:6
FNDA:12,useCounter
FNDA:5,(anonymous_2)
FNDA:5,(anonymous_3)
FNDA:1,(anonymous_4)
FNDA:1,(anonymous_5)
FNDA:2,(anonymous_6)
DA:3,1
DA:5,12
DA:6,12
DA:8,12
DA:9,12
DA:10,12
DA:12,12
LF:7
LH:7
BRDA:5,0,0,0
BRF:1
BRH:0
end_of_record
TN:
SF:src/lib/api.ts
FN:10,fetchUser
FN:26,calculateDiscountedPrice
FNF:2
FNH:2
FNDA:3,fetchUser
FNDA:3,calculateDiscountedPrice
DA:7,2
DA:10,3
DA:11,3
DA:13,2
DA:14,1
DA:17,1
DA:18,1
DA:26,3
DA:30,3
DA:31,2
DA:33,1
LF:11
LH:11
BRDA:13,0,0,1
BRDA:13,0,1,1
BRDA:30,1,0,2
BRDA:30,1,1,1
BRDA:30,2,0,3
BRDA:30,2,1,2
BRF:6
BRH:6
end_of_record
TN:
SF:src/lib/cart.ts
FN:11,(anonymous_1)
FN:12,(anonymous_2)
FN:20,(anonymous_3)
FN:21,(anonymous_4)
FN:24,(anonymous_5)
FN:26,(anonymous_6)
FN:31,(anonymous_7)
FN:32,(anonymous_8)
FN:35,(anonymous_9)
FNF:9
FNH:9
FNDA:6,(anonymous_1)
FNDA:2,(anonymous_2)
FNDA:1,(anonymous_3)
FNDA:2,(anonymous_4)
FNDA:4,(anonymous_5)
FNDA:3,(anonymous_6)
FNDA:1,(anonymous_7)
FNDA:1,(anonymous_8)
FNDA:4,(anonymous_9)
DA:8,5
DA:9,5
DA:12,6
DA:13,6
DA:14,1
DA:16,5
DA:21,2
DA:25,4
DA:26,3
DA:32,1
DA:36,4
LF:11
LH:11
BRDA:13,0,0,1
BRDA:13,0,1,5
BRF:2
BRH:2
end_of_record
TN:
SF:src/lib/formatters.ts
FN:2,formatPrice
FN:7,formatDate
FN:16,truncate
FNF:3
FNH:3
FNDA:1,formatPrice
FNDA:1,formatDate
FNDA:1,truncate
DA:2,1
DA:3,1
DA:7,1
DA:8,1
DA:9,1
DA:10,1
DA:11,1
DA:12,1
DA:16,1
DA:17,1
DA:18,1
LF:11
LH:11
BRDA:17,0,0,0
BRDA:17,0,1,1
BRF:2
BRH:1
end_of_record
TN:
SF:src/lib/math.ts
FN:2,add
FN:7,subtract
FN:12,multiply
FN:20,divide
FN:28,sum
FN:29,(anonymous_11)
FNF:6
FNH:6
FNDA:2,add
FNDA:1,subtract
FNDA:1,multiply
FNDA:2,divide
FNDA:2,sum
FNDA:4,(anonymous_11)
DA:2,2
DA:3,2
DA:7,1
DA:8,1
DA:12,1
DA:13,1
DA:20,2
DA:21,2
DA:22,1
DA:24,1
DA:28,2
DA:29,4
LF:12
LH:12
BRDA:21,0,0,1
BRDA:21,0,1,1
BRF:2
BRH:2
end_of_record
TN:
SF:src/lib/payment.ts
FN:12,processPayment
FNF:1
FNH:0
FNDA:0,processPayment
DA:12,0
DA:13,0
DA:18,0
DA:19,0
DA:22,0
DA:23,0
LF:6
LH:0
BRDA:18,0,0,0
BRDA:18,0,1,0
BRF:2
BRH:0
end_of_record
TN:
SF:src/lib/validators.ts
FN:2,isValidEmail
FN:12,isValidPassword
FN:20,isValidDiscountRate
FNF:3
FNH:3
FNDA:7,isValidEmail
FNDA:5,isValidPassword
FNDA:3,isValidDiscountRate
DA:2,7
DA:3,7
DA:4,7
DA:12,5
DA:13,5
DA:14,3
DA:15,3
DA:16,3
DA:20,3
DA:21,3
LF:10
LH:10
BRDA:13,0,0,2
BRDA:13,0,1,3
BRDA:16,1,0,3
BRDA:16,1,1,3
BRDA:21,2,0,3
BRDA:21,2,1,2
BRF:6
BRH:6
end_of_record
